INFO - 2023-04-08 07:31:06 --> Session: Class initialized using 'CodeIgniter\Session\Handlers\FileHandler' driver.
INFO - 2023-04-08 07:33:19 --> Session: Class initialized using 'CodeIgniter\Session\Handlers\FileHandler' driver.
INFO - 2023-04-08 07:33:28 --> Session: Class initialized using 'CodeIgniter\Session\Handlers\FileHandler' driver.
INFO - 2023-04-08 07:33:51 --> Session: Class initialized using 'CodeIgniter\Session\Handlers\FileHandler' driver.
INFO - 2023-04-08 07:36:03 --> Session: Class initialized using 'CodeIgniter\Session\Handlers\FileHandler' driver.
INFO - 2023-04-08 07:36:42 --> Session: Class initialized using 'CodeIgniter\Session\Handlers\FileHandler' driver.
INFO - 2023-04-08 07:37:58 --> Session: Class initialized using 'CodeIgniter\Session\Handlers\FileHandler' driver.
INFO - 2023-04-08 07:38:03 --> Session: Class initialized using 'CodeIgniter\Session\Handlers\FileHandler' driver.
INFO - 2023-04-08 07:38:09 --> Session: Class initialized using 'CodeIgniter\Session\Handlers\FileHandler' driver.
INFO - 2023-04-08 07:38:18 --> Session: Class initialized using 'CodeIgniter\Session\Handlers\FileHandler' driver.
INFO - 2023-04-08 07:38:28 --> Session: Class initialized using 'CodeIgniter\Session\Handlers\FileHandler' driver.
INFO - 2023-04-08 07:38:28 --> Session: Class initialized using 'CodeIgniter\Session\Handlers\FileHandler' driver.
INFO - 2023-04-08 07:40:49 --> Session: Class initialized using 'CodeIgniter\Session\Handlers\FileHandler' driver.
INFO - 2023-04-08 07:42:50 --> Session: Class initialized using 'CodeIgniter\Session\Handlers\FileHandler' driver.
INFO - 2023-04-08 07:42:56 --> Session: Class initialized using 'CodeIgniter\Session\Handlers\FileHandler' driver.
INFO - 2023-04-08 07:44:49 --> Session: Class initialized using 'CodeIgniter\Session\Handlers\FileHandler' driver.
INFO - 2023-04-08 07:45:48 --> Session: Class initialized using 'CodeIgniter\Session\Handlers\FileHandler' driver.
INFO - 2023-04-08 07:45:55 --> Session: Class initialized using 'CodeIgniter\Session\Handlers\FileHandler' driver.
INFO - 2023-04-08 07:45:59 --> Session: Class initialized using 'CodeIgniter\Session\Handlers\FileHandler' driver.
INFO - 2023-04-08 07:47:14 --> Session: Class initialized using 'CodeIgniter\Session\Handlers\FileHandler' driver.
INFO - 2023-04-08 07:47:19 --> Session: Class initialized using 'CodeIgniter\Session\Handlers\FileHandler' driver.
INFO - 2023-04-08 07:47:38 --> Session: Class initialized using 'CodeIgniter\Session\Handlers\FileHandler' driver.
INFO - 2023-04-08 07:47:42 --> Session: Class initialized using 'CodeIgniter\Session\Handlers\FileHandler' driver.
INFO - 2023-04-08 07:48:12 --> Session: Class initialized using 'CodeIgniter\Session\Handlers\FileHandler' driver.
INFO - 2023-04-08 07:48:16 --> Session: Class initialized using 'CodeIgniter\Session\Handlers\FileHandler' driver.
INFO - 2023-04-08 07:48:46 --> Session: Class initialized using 'CodeIgniter\Session\Handlers\FileHandler' driver.
INFO - 2023-04-08 07:48:50 --> Session: Class initialized using 'CodeIgniter\Session\Handlers\FileHandler' driver.
INFO - 2023-04-08 07:48:52 --> Session: Class initialized using 'CodeIgniter\Session\Handlers\FileHandler' driver.
INFO - 2023-04-08 07:49:15 --> Session: Class initialized using 'CodeIgniter\Session\Handlers\FileHandler' driver.
INFO - 2023-04-08 07:49:21 --> Session: Class initialized using 'CodeIgniter\Session\Handlers\FileHandler' driver.
INFO - 2023-04-08 07:51:58 --> Session: Class initialized using 'CodeIgniter\Session\Handlers\FileHandler' driver.
INFO - 2023-04-08 07:52:03 --> Session: Class initialized using 'CodeIgniter\Session\Handlers\FileHandler' driver.
INFO - 2023-04-08 07:53:25 --> Session: Class initialized using 'CodeIgniter\Session\Handlers\FileHandler' driver.
INFO - 2023-04-08 07:53:32 --> Session: Class initialized using 'CodeIgniter\Session\Handlers\FileHandler' driver.
INFO - 2023-04-08 07:54:37 --> Session: Class initialized using 'CodeIgniter\Session\Handlers\FileHandler' driver.
INFO - 2023-04-08 07:54:48 --> Session: Class initialized using 'CodeIgniter\Session\Handlers\FileHandler' driver.
ERROR - 2023-04-08 11:51:18 --> mysqli_sql_exception: Incorrect column name ' ' in E:\Project\QwertyStudio\system\Database\MySQLi\Connection.php:295
Stack trace:
#0 E:\Project\QwertyStudio\system\Database\MySQLi\Connection.php(295): mysqli->query('CREATE TABLE `t...', 0)
#1 E:\Project\QwertyStudio\system\Database\BaseConnection.php(691): CodeIgniter\Database\MySQLi\Connection->execute('CREATE TABLE `t...')
#2 E:\Project\QwertyStudio\system\Database\BaseConnection.php(605): CodeIgniter\Database\BaseConnection->simpleQuery('CREATE TABLE `t...')
#3 E:\Project\QwertyStudio\system\Database\Forge.php(546): CodeIgniter\Database\BaseConnection->query('CREATE TABLE `t...')
#4 E:\Project\QwertyStudio\app\Database\Migrations\2023-03-31-064325_CreateCatalog.php(37): CodeIgniter\Database\Forge->createTable('tb_catalog')
#5 E:\Project\QwertyStudio\system\Database\MigrationRunner.php(877): App\Database\Migrations\CreateCatalog->up()
#6 E:\Project\QwertyStudio\system\Database\MigrationRunner.php(188): CodeIgniter\Database\MigrationRunner->migrate('up', Object(stdClass))
#7 E:\Project\QwertyStudio\system\Commands\Database\Migrate.php(84): CodeIgniter\Database\MigrationRunner->latest(NULL)
#8 E:\Project\QwertyStudio\system\CLI\Commands.php(65): CodeIgniter\Commands\Database\Migrate->run(Array)
#9 E:\Project\QwertyStudio\system\CLI\Console.php(37): CodeIgniter\CLI\Commands->run('migrate', Array)
#10 E:\Project\QwertyStudio\spark(97): CodeIgniter\CLI\Console->run()
#11 {main}
